\BOOKMARK [-1][-]{front.-1}{\376\377\000F\000r\000o\000n\000t\000\040\000M\000a\000t\000t\000e\000r}{}% 1
\BOOKMARK [-1][-]{front.-1}{\376\377\000F\000r\000o\000n\000t\000\040\000M\000a\000t\000t\000e\000r}{}% 2
\BOOKMARK [0][-]{chapter*.1}{\376\377\000D\000e\000c\000l\000a\000r\000a\000t\000i\000o\000n}{front.-1}% 3
\BOOKMARK [0][-]{chapter*.2}{\376\377\000A\000c\000k\000n\000o\000w\000l\000e\000d\000g\000e\000m\000e\000n\000t}{front.-1}% 4
\BOOKMARK [0][-]{chapter*.3}{\376\377\000T\000a\000b\000l\000e\000\040\000o\000f\000\040\000C\000o\000n\000t\000e\000n\000t\000s}{front.-1}% 5
\BOOKMARK [0][-]{chapter*.4}{\376\377\000L\000i\000s\000t\000\040\000o\000f\000\040\000T\000a\000b\000l\000e\000s}{front.-1}% 6
\BOOKMARK [0][-]{chapter*.5}{\376\377\000L\000i\000s\000t\000\040\000o\000f\000\040\000F\000i\000g\000u\000r\000e\000s}{front.-1}% 7
\BOOKMARK [0][-]{chapter*.6}{\376\377\000L\000i\000s\000t\000\040\000o\000f\000\040\000A\000b\000b\000r\000e\000v\000i\000a\000t\000i\000o\000n\000s}{front.-1}% 8
\BOOKMARK [0][-]{chapter*.7}{\376\377\000L\000i\000s\000t\000\040\000o\000f\000\040\000S\000y\000m\000b\000o\000l\000s}{front.-1}% 9
\BOOKMARK [0][-]{chapter*.8}{\376\377\000A\000b\000s\000t\000r\000a\000k}{front.-1}% 10
\BOOKMARK [0][-]{chapter*.9}{\376\377\000A\000b\000s\000t\000r\000a\000c\000t}{front.-1}% 11
\BOOKMARK [-1][-]{main.-1}{\376\377\000M\000a\000i\000n\000\040\000C\000h\000a\000p\000t\000e\000r\000s}{}% 12
\BOOKMARK [0][-]{chapter.10}{\376\377\0001\000\040\000I\000n\000t\000r\000o\000d\000u\000c\000t\000i\000o\000n}{main.-1}% 13
\BOOKMARK [1][-]{section.11}{\376\377\0001\000.\0001\000\040\000B\000a\000c\000k\000g\000r\000o\000u\000n\000d}{chapter.10}% 14
\BOOKMARK [1][-]{section.13}{\376\377\0001\000.\0002\000\040\000P\000r\000o\000b\000l\000e\000m\000\040\000S\000t\000a\000t\000e\000m\000e\000n\000t}{chapter.10}% 15
\BOOKMARK [1][-]{section.18}{\376\377\0001\000.\0003\000\040\000R\000e\000s\000e\000a\000r\000c\000h\000\040\000M\000o\000t\000i\000v\000a\000t\000i\000o\000n}{chapter.10}% 16
\BOOKMARK [1][-]{section.19}{\376\377\0001\000.\0004\000\040\000R\000e\000s\000e\000a\000r\000c\000h\000\040\000S\000c\000o\000p\000e\000\040\000a\000n\000d\000\040\000O\000b\000j\000e\000c\000t\000i\000v\000e\000s}{chapter.10}% 17
\BOOKMARK [2][-]{subsection.20}{\376\377\0001\000.\0004\000.\0001\000\040\000R\000e\000s\000e\000a\000r\000c\000h\000\040\000S\000c\000o\000p\000e}{section.19}% 18
\BOOKMARK [2][-]{subsection.21}{\376\377\0001\000.\0004\000.\0002\000\040\000R\000e\000s\000e\000a\000r\000c\000h\000\040\000O\000b\000j\000e\000c\000t\000i\000v\000e\000s}{section.19}% 19
\BOOKMARK [1][-]{section.24}{\376\377\0001\000.\0005\000\040\000R\000e\000s\000e\000a\000r\000c\000h\000\040\000M\000e\000t\000h\000o\000d\000o\000l\000o\000g\000y}{chapter.10}% 20
\BOOKMARK [1][-]{section.26}{\376\377\0001\000.\0006\000\040\000R\000e\000s\000e\000a\000r\000c\000h\000\040\000C\000o\000n\000t\000r\000i\000b\000u\000t\000i\000o\000n\000s}{chapter.10}% 21
\BOOKMARK [1][-]{section.27}{\376\377\0001\000.\0007\000\040\000T\000h\000e\000s\000i\000s\000\040\000O\000u\000t\000l\000i\000n\000e}{chapter.10}% 22
\BOOKMARK [0][-]{chapter.28}{\376\377\0002\000\040\000L\000i\000t\000e\000r\000a\000t\000u\000r\000e\000\040\000R\000e\000v\000i\000e\000w}{main.-1}% 23
\BOOKMARK [1][-]{section.29}{\376\377\0002\000.\0001\000\040\000O\000v\000e\000r\000v\000i\000e\000w}{chapter.28}% 24
\BOOKMARK [1][-]{section.30}{\376\377\0002\000.\0002\000\040\000B\000l\000o\000c\000k\000\040\000c\000i\000p\000h\000e\000r\000s\000\040\000a\000n\000d\000\040\000C\000r\000y\000p\000t\000a\000n\000a\000l\000y\000s\000i\000s}{chapter.28}% 25
\BOOKMARK [2][-]{subsection.31}{\376\377\0002\000.\0002\000.\0001\000\040\000B\000l\000o\000c\000k\000\040\000C\000i\000p\000h\000e\000r\000\040\000D\000e\000s\000i\000g\000n\000s}{section.30}% 26
\BOOKMARK [3][-]{subsubsection.33}{\376\377\0002\000.\0002\000.\0001\000\050\000a\000\051\000\040\000F\000e\000i\000s\000t\000e\000l\000\040\000S\000t\000r\000u\000c\000t\000u\000r\000e}{subsection.31}% 27
\BOOKMARK [3][-]{subsubsection.36}{\376\377\0002\000.\0002\000.\0001\000\050\000b\000\051\000\040\000S\000P\000N\000\040\000S\000t\000r\000u\000c\000t\000u\000r\000e}{subsection.31}% 28
\BOOKMARK [3][-]{subsubsection.39}{\376\377\0002\000.\0002\000.\0001\000\050\000c\000\051\000\040\000L\000a\000i\000-\000M\000a\000s\000s\000e\000y\000\040\000S\000t\000r\000u\000c\000t\000u\000r\000e}{subsection.31}% 29
\BOOKMARK [3][-]{subsubsection.42}{\376\377\0002\000.\0002\000.\0001\000\050\000d\000\051\000\040\000S\000u\000m\000m\000a\000r\000y}{subsection.31}% 30
\BOOKMARK [2][-]{subsection.43}{\376\377\0002\000.\0002\000.\0002\000\040\000K\000A\000T\000A\000N\000\040\000f\000a\000m\000i\000l\000y\000\040\000c\000i\000p\000h\000e\000r}{section.30}% 31
\BOOKMARK [2][-]{subsection.47}{\376\377\0002\000.\0002\000.\0003\000\040\000C\000r\000y\000p\000t\000a\000n\000a\000l\000y\000s\000i\000s}{section.30}% 32
\BOOKMARK [3][-]{subsubsection.48}{\376\377\0002\000.\0002\000.\0003\000\050\000a\000\051\000\040\000B\000r\000u\000t\000e\000-\000f\000o\000r\000c\000e}{subsection.47}% 33
\BOOKMARK [3][-]{subsubsection.49}{\376\377\0002\000.\0002\000.\0003\000\050\000b\000\051\000\040\000B\000a\000s\000e\000d\000\040\000o\000n\000\040\000t\000h\000e\000\040\000S\000e\000c\000u\000r\000i\000t\000y\000\040\000o\000f\000\040\000A\000l\000g\000o\000r\000i\000t\000h\000m\000s\000\040\000B\000a\000s\000e\000d\000\040\000o\000n\000\040\000M\000a\000t\000h\000e\000m\000a\000t\000i\000c\000a\000l\000\040\000M\000e\000t\000h\000o\000d\000s}{subsection.47}% 34
\BOOKMARK [3][-]{subsubsection.50}{\376\377\0002\000.\0002\000.\0003\000\050\000c\000\051\000\040\000T\000h\000e\000\040\000s\000e\000c\000u\000r\000i\000t\000y\000\040\000o\000f\000\040\000a\000l\000g\000o\000r\000i\000t\000h\000m\000s\000\040\000i\000s\000\040\000r\000e\000l\000a\000t\000e\000d\000\040\000t\000o\000\040\000t\000h\000e\000y\000\040\000w\000a\000y\000\040\000i\000t\000\040\000i\000s\000\040\000i\000m\000p\000l\000e\000m\000e\000n\000t\000e\000d\000\040\000i\000n\000\040\000h\000a\000r\000d\000w\000a\000r\000e}{subsection.47}% 35
\BOOKMARK [1][-]{section.51}{\376\377\0002\000.\0003\000\040\000C\000r\000y\000p\000t\000a\000n\000a\000l\000y\000s\000i\000s\000\040\000M\000e\000t\000h\000o\000d}{chapter.28}% 36
\BOOKMARK [2][-]{subsection.52}{\376\377\0002\000.\0003\000.\0001\000\040\000D\000i\000f\000f\000e\000r\000e\000n\000t\000i\000a\000l\000\040\000A\000t\000t\000a\000c\000k}{section.51}% 37
\BOOKMARK [2][-]{subsection.63}{\376\377\0002\000.\0003\000.\0002\000\040\000L\000i\000n\000e\000a\000r\000\040\000C\000r\000y\000p\000t\000a\000n\000a\000l\000y\000s\000i\000s}{section.51}% 38
\BOOKMARK [2][-]{subsection.72}{\376\377\0002\000.\0003\000.\0003\000\040\000B\000o\000o\000m\000e\000r\000a\000n\000g\000\040\000A\000t\000t\000a\000c\000k}{section.51}% 39
\BOOKMARK [1][-]{section.78}{\376\377\0002\000.\0004\000\040\000C\000h\000a\000p\000t\000e\000r\000\040\000S\000u\000m\000m\000a\000r\000y}{chapter.28}% 40
\BOOKMARK [0][-]{chapter.79}{\376\377\0003\000\040\000M\000e\000t\000h\000o\000d\000o\000l\000o\000g\000y}{main.-1}% 41
\BOOKMARK [1][-]{section.80}{\376\377\0003\000.\0001\000\040\000O\000v\000e\000r\000v\000i\000e\000w}{chapter.79}% 42
\BOOKMARK [1][-]{section.81}{\376\377\0003\000.\0002\000\040\000E\000x\000p\000e\000r\000i\000m\000e\000n\000t}{chapter.79}% 43
\BOOKMARK [1][-]{section.82}{\376\377\0003\000.\0003\000\040\000L\000i\000t\000e\000r\000a\000t\000u\000r\000e\000\040\000R\000e\000v\000i\000e\000w\000\040\000a\000n\000d\000\040\000R\000e\000s\000e\000a\000r\000c\000h}{chapter.79}% 44
\BOOKMARK [1][-]{section.83}{\376\377\0003\000.\0004\000\040\000D\000e\000f\000i\000n\000e\000\040\000t\000h\000e\000\040\000S\000M\000T\000\040\000m\000o\000d\000e\000l}{chapter.79}% 45
\BOOKMARK [1][-]{section.84}{\376\377\0003\000.\0005\000\040\000O\000p\000t\000i\000m\000i\000z\000e\000\040\000t\000h\000e\000\040\000s\000m\000t\000\040\000s\000o\000l\000v\000e\000r\000\040\000w\000i\000t\000h\000\040\000B\000T\000C\000\040\000t\000o\000o\000l\000s}{chapter.79}% 46
\BOOKMARK [1][-]{section.85}{\376\377\0003\000.\0006\000\040\000F\000i\000n\000d\000\040\000t\000h\000e\000\040\000b\000e\000s\000t\000\040\000d\000i\000f\000f\000e\000r\000e\000n\000t\000i\000a\000l\000\040\000t\000r\000a\000i\000l\000s}{chapter.79}% 47
\BOOKMARK [1][-]{section.86}{\376\377\0003\000.\0007\000\040\000C\000o\000v\000e\000r\000\040\000t\000h\000e\000\040\000k\000e\000y}{chapter.79}% 48
\BOOKMARK [1][-]{section.87}{\376\377\0003\000.\0008\000\040\000P\000r\000o\000p\000o\000s\000e\000d\000\040\000A\000\040\000t\000o\000o\000l\000s}{chapter.79}% 49
\BOOKMARK [1][-]{section.88}{\376\377\0003\000.\0009\000\040\000C\000h\000a\000p\000t\000e\000r\000\040\000S\000u\000m\000m\000a\000r\000y}{chapter.79}% 50
\BOOKMARK [0][-]{chapter.89}{\376\377\0004\000\040\000R\000e\000s\000u\000l\000t\000s\000\040\000a\000n\000d\000\040\000D\000i\000s\000c\000u\000s\000s\000i\000o\000n}{main.-1}% 51
\BOOKMARK [1][-]{section.90}{\376\377\0004\000.\0001\000\040\000O\000v\000e\000r\000v\000i\000e\000w}{chapter.89}% 52
\BOOKMARK [1][-]{section.91}{\376\377\0004\000.\0002\000\040\000E\000x\000a\000m\000p\000l\000e\000\040\000S\000e\000c\000t\000i\000o\000n\000\040\0001}{chapter.89}% 53
\BOOKMARK [1][-]{section.92}{\376\377\0004\000.\0003\000\040\000E\000x\000a\000m\000p\000l\000e\000\040\000S\000e\000c\000t\000i\000o\000n\000\040\0002}{chapter.89}% 54
\BOOKMARK [1][-]{section.93}{\376\377\0004\000.\0004\000\040\000C\000h\000a\000p\000t\000e\000r\000\040\000S\000u\000m\000m\000a\000r\000y}{chapter.89}% 55
\BOOKMARK [0][-]{chapter.94}{\376\377\0005\000\040\000C\000o\000n\000c\000l\000u\000s\000i\000o\000n\000\040\000a\000n\000d\000\040\000F\000u\000t\000u\000r\000e\000\040\000W\000o\000r\000k}{main.-1}% 56
\BOOKMARK [1][-]{section.95}{\376\377\0005\000.\0001\000\040\000L\000i\000m\000i\000t\000a\000t\000i\000o\000n\000s\000\040\000a\000n\000d\000\040\000F\000u\000t\000u\000r\000e\000\040\000W\000o\000r\000k}{chapter.94}% 57
\BOOKMARK [1][-]{section.96}{\376\377\0005\000.\0002\000\040\000C\000l\000o\000s\000i\000n\000g\000\040\000S\000t\000a\000t\000e\000m\000e\000n\000t\000s}{chapter.94}% 58
\BOOKMARK [0][-]{chapter*.98}{\376\377\000R\000e\000f\000e\000r\000e\000n\000c\000e\000s}{main.-1}% 59
\BOOKMARK [-1][-]{section*.99}{\376\377\000A\000p\000p\000e\000n\000d\000i\000c\000e\000s}{}% 60
\BOOKMARK [0][-]{appendix*.100}{\376\377\000A\000p\000p\000e\000n\000d\000i\000x\000\040\000A\000\040\000-\000\040\000C\000h\000a\000o\000s\000\040\000T\000h\000e\000o\000r\000y}{section*.99}% 61
